[2019-11-30T09:07:31.491] [DEBUG] cheese - login => username:admin,password:123456
[2019-11-30T09:07:31.494] [DEBUG] cheese - admin
[2019-11-30T09:07:31.588] [DEBUG] cheese - null
[2019-11-30T09:07:31.588] [DEBUG] cheese - null
[2019-11-30T09:07:52.499] [DEBUG] cheese - login => username:admin,password:123456
[2019-11-30T09:07:52.500] [DEBUG] cheese - admin
[2019-11-30T09:07:52.506] [DEBUG] cheese - null
[2019-11-30T09:07:52.506] [DEBUG] cheese - null
[2019-11-30T09:07:56.809] [DEBUG] cheese - login => username:admin,password:123456
[2019-11-30T09:07:56.810] [DEBUG] cheese - admin
[2019-11-30T09:07:56.814] [DEBUG] cheese - null
[2019-11-30T09:07:56.814] [DEBUG] cheese - null
[2019-11-30T09:37:12.594] [DEBUG] cheese - login => username:admin,password:123456
[2019-11-30T09:37:12.600] [DEBUG] cheese - admin
[2019-11-30T09:37:12.844] [DEBUG] cheese - null
[2019-11-30T09:37:12.845] [DEBUG] cheese - null
[2019-11-30T09:47:15.472] [DEBUG] cheese - login => username:admin,password:123456
[2019-11-30T09:47:15.472] [DEBUG] cheese - admin
[2019-11-30T09:47:15.475] [DEBUG] cheese - null
[2019-11-30T09:47:15.475] [DEBUG] cheese - null
[2019-11-30T09:48:15.487] [DEBUG] cheese - login => username:admin,password:123456
[2019-11-30T09:48:15.487] [DEBUG] cheese - admin
[2019-11-30T09:48:15.491] [DEBUG] cheese - null
[2019-11-30T09:48:15.491] [DEBUG] cheese - null
[2019-11-30T09:52:06.073] [DEBUG] cheese - login => username:admin,password:123456
[2019-11-30T09:52:06.073] [DEBUG] cheese - admin
[2019-11-30T09:52:06.078] [DEBUG] cheese - null
[2019-11-30T09:52:06.079] [DEBUG] cheese - null
[2019-11-30T09:53:11.766] [DEBUG] cheese - login => username:admin,password:123456
[2019-11-30T09:53:11.766] [DEBUG] cheese - admin
[2019-11-30T09:53:11.771] [DEBUG] cheese - null
[2019-11-30T09:53:11.771] [DEBUG] cheese - null
[2019-11-30T09:57:45.047] [DEBUG] cheese - login => username:admin,password:123456
[2019-11-30T09:57:45.047] [DEBUG] cheese - admin
[2019-11-30T09:57:45.051] [DEBUG] cheese - null
[2019-11-30T09:57:45.051] [DEBUG] cheese - null
[2019-11-30T10:03:25.107] [DEBUG] cheese - login => username:admin,password:123456
[2019-11-30T10:03:25.108] [DEBUG] cheese - admin
[2019-11-30T10:03:25.114] [DEBUG] cheese - null
[2019-11-30T10:03:25.114] [DEBUG] cheese - null
[2019-11-30T10:03:33.180] [DEBUG] cheese - login => username:admin,password:123456
[2019-11-30T10:03:33.180] [DEBUG] cheese - admin
[2019-11-30T10:03:33.182] [DEBUG] cheese - null
[2019-11-30T10:03:33.182] [DEBUG] cheese - null
[2019-11-30T10:04:14.303] [DEBUG] cheese - login => username:admin,password:123456
[2019-11-30T10:04:14.303] [DEBUG] cheese - admin
[2019-11-30T10:04:14.306] [DEBUG] cheese - null
[2019-11-30T10:04:14.306] [DEBUG] cheese - null
[2019-11-30T10:08:36.313] [DEBUG] cheese - login => username:admin,password:123456
[2019-11-30T10:08:36.313] [DEBUG] cheese - admin
[2019-11-30T10:08:36.317] [DEBUG] cheese - null
[2019-11-30T10:08:36.317] [DEBUG] cheese - null
[2019-11-30T10:18:27.229] [DEBUG] cheese - login => username:admin,password:123456
[2019-11-30T10:18:27.230] [DEBUG] cheese - admin
[2019-11-30T10:18:27.234] [DEBUG] cheese - null
[2019-11-30T10:18:27.235] [DEBUG] cheese - null
[2019-11-30T10:37:41.967] [DEBUG] cheese - login => username:linken,password:123456
[2019-11-30T10:37:41.967] [DEBUG] cheese - linken
[2019-11-30T10:37:41.971] [DEBUG] cheese - null
[2019-11-30T10:37:41.971] [DEBUG] cheese - null
[2019-11-30T10:37:48.813] [DEBUG] cheese - login => username:admin,password:123456
[2019-11-30T10:37:48.813] [DEBUG] cheese - admin
[2019-11-30T10:37:48.817] [DEBUG] cheese - null
[2019-11-30T10:37:48.817] [DEBUG] cheese - null
[2019-11-30T10:43:30.126] [DEBUG] cheese - login => username:admin,password:123456
[2019-11-30T10:43:30.126] [DEBUG] cheese - admin
[2019-11-30T10:43:30.129] [DEBUG] cheese - null
[2019-11-30T10:43:30.129] [DEBUG] cheese - null
[2019-11-30T10:43:39.554] [DEBUG] cheese - login => username:admin,password:123456
[2019-11-30T10:43:39.554] [DEBUG] cheese - admin
[2019-11-30T10:43:39.557] [DEBUG] cheese - null
[2019-11-30T10:43:39.557] [DEBUG] cheese - null
[2019-11-30T11:01:52.479] [DEBUG] cheese - login => username:admin,password:123456
[2019-11-30T11:01:52.482] [DEBUG] cheese - admin
[2019-11-30T11:01:52.498] [DEBUG] cheese - null
[2019-11-30T11:01:52.498] [DEBUG] cheese - null
[2019-11-30T11:07:30.813] [DEBUG] cheese - login => username:admin,password:123456
[2019-11-30T11:07:30.813] [DEBUG] cheese - admin
[2019-11-30T11:07:30.816] [DEBUG] cheese - null
[2019-11-30T11:07:30.816] [DEBUG] cheese - null
[2019-11-30T11:35:44.372] [DEBUG] cheese - login => username:admin,password:123456
[2019-11-30T11:35:44.372] [DEBUG] cheese - admin
[2019-11-30T11:35:44.376] [DEBUG] cheese - null
[2019-11-30T11:35:44.376] [DEBUG] cheese - null
[2019-11-30T11:39:57.136] [DEBUG] cheese - login => username:admin,password:123456
[2019-11-30T11:39:57.137] [DEBUG] cheese - admin
[2019-11-30T11:39:57.142] [DEBUG] cheese - null
[2019-11-30T11:39:57.142] [DEBUG] cheese - null
[2019-11-30T13:24:32.930] [DEBUG] cheese - login => username:liken,password:123456
[2019-11-30T13:24:32.930] [DEBUG] cheese - liken
[2019-11-30T13:24:32.935] [DEBUG] cheese - null
[2019-11-30T13:24:32.935] [DEBUG] cheese - null
[2019-11-30T13:24:35.164] [DEBUG] cheese - login => username:admin,password:123456
[2019-11-30T13:24:35.164] [DEBUG] cheese - admin
[2019-11-30T13:24:35.171] [DEBUG] cheese - null
[2019-11-30T13:24:35.171] [DEBUG] cheese - null
[2019-11-30T13:24:50.861] [DEBUG] cheese - login => username:admin,password:123456
[2019-11-30T13:24:50.861] [DEBUG] cheese - admin
[2019-11-30T13:24:50.865] [DEBUG] cheese - null
[2019-11-30T13:24:50.865] [DEBUG] cheese - null
[2019-11-30T13:25:01.328] [DEBUG] cheese - login => username:linken,password:123456
[2019-11-30T13:25:01.328] [DEBUG] cheese - linken
[2019-11-30T13:25:01.332] [DEBUG] cheese - null
[2019-11-30T13:25:01.332] [DEBUG] cheese - null
[2019-11-30T13:25:29.891] [DEBUG] cheese - login => username:admin,password:123456
[2019-11-30T13:25:29.891] [DEBUG] cheese - admin
[2019-11-30T13:25:29.895] [DEBUG] cheese - null
[2019-11-30T13:25:29.896] [DEBUG] cheese - null
[2019-11-30T13:29:09.568] [DEBUG] cheese - login => username:asdf1,password:123456
[2019-11-30T13:29:09.569] [DEBUG] cheese - asdf1
[2019-11-30T13:29:09.572] [DEBUG] cheese - null
[2019-11-30T13:29:09.572] [DEBUG] cheese - null
[2019-11-30T13:29:20.074] [DEBUG] cheese - login => username:asdf1,password:123456
[2019-11-30T13:29:20.074] [DEBUG] cheese - asdf1
[2019-11-30T13:29:20.077] [DEBUG] cheese - null
[2019-11-30T13:29:20.077] [DEBUG] cheese - null
[2019-11-30T13:29:28.808] [DEBUG] cheese - login => username:linken,password:123456
[2019-11-30T13:29:28.808] [DEBUG] cheese - linken
[2019-11-30T13:29:28.810] [DEBUG] cheese - null
[2019-11-30T13:29:28.810] [DEBUG] cheese - null
[2019-11-30T13:29:31.768] [DEBUG] cheese - login => username:admin,password:123456
[2019-11-30T13:29:31.769] [DEBUG] cheese - admin
[2019-11-30T13:29:31.774] [DEBUG] cheese - null
[2019-11-30T13:29:31.774] [DEBUG] cheese - null
[2019-11-30T14:26:47.141] [DEBUG] cheese - login => username:admin,password:123456
[2019-11-30T14:26:47.141] [DEBUG] cheese - admin
[2019-11-30T14:26:47.148] [DEBUG] cheese - null
[2019-11-30T14:26:47.149] [DEBUG] cheese - null
[2019-11-30T14:27:16.090] [DEBUG] cheese - login => username:admin,password:123456
[2019-11-30T14:27:16.091] [DEBUG] cheese - admin
[2019-11-30T14:27:16.094] [DEBUG] cheese - null
[2019-11-30T14:27:16.094] [DEBUG] cheese - null
[2019-11-30T14:48:43.406] [DEBUG] cheese - login => username:admin,password:123456
[2019-11-30T14:48:43.406] [DEBUG] cheese - admin
[2019-11-30T14:48:43.414] [DEBUG] cheese - null
[2019-11-30T14:48:43.414] [DEBUG] cheese - null
[2019-11-30T16:27:05.042] [DEBUG] cheese - login => username:admin,password:123456
[2019-11-30T16:27:05.048] [DEBUG] cheese - admin
[2019-11-30T16:27:05.054] [DEBUG] cheese - null
[2019-11-30T16:27:05.054] [DEBUG] cheese - null
[2019-11-30T16:45:11.251] [DEBUG] cheese - login => username:admin,password:123456
[2019-11-30T16:45:11.252] [DEBUG] cheese - admin
[2019-11-30T16:45:11.257] [DEBUG] cheese - null
[2019-11-30T16:45:11.257] [DEBUG] cheese - null
[2019-11-30T16:46:51.532] [DEBUG] cheese - login => username:liuhao,password:123456
[2019-11-30T16:46:51.532] [DEBUG] cheese - liuhao
[2019-11-30T16:46:51.538] [DEBUG] cheese - null
[2019-11-30T16:46:51.539] [DEBUG] cheese - null
[2019-11-30T16:47:01.995] [DEBUG] cheese - login => username:admin,password:123456
[2019-11-30T16:47:01.995] [DEBUG] cheese - admin
[2019-11-30T16:47:01.999] [DEBUG] cheese - null
[2019-11-30T16:47:01.999] [DEBUG] cheese - null
[2019-11-30T17:25:53.799] [DEBUG] cheese - login => username:liuhao,password:123456
[2019-11-30T17:25:53.802] [DEBUG] cheese - liuhao
[2019-11-30T17:25:53.808] [DEBUG] cheese - null
[2019-11-30T17:25:53.808] [DEBUG] cheese - null
[2019-11-30T17:25:58.195] [DEBUG] cheese - login => username:admin,password:123456
[2019-11-30T17:25:58.195] [DEBUG] cheese - admin
[2019-11-30T17:25:58.197] [DEBUG] cheese - null
[2019-11-30T17:25:58.197] [DEBUG] cheese - null
[2019-11-30T17:26:16.678] [DEBUG] cheese - login => username:admin,password:123456
[2019-11-30T17:26:16.679] [DEBUG] cheese - admin
[2019-11-30T17:26:16.682] [DEBUG] cheese - null
[2019-11-30T17:26:16.682] [DEBUG] cheese - null
[2019-11-30T17:53:00.351] [DEBUG] cheese - login => username:admin,password:123456
[2019-11-30T17:53:00.351] [DEBUG] cheese - admin
[2019-11-30T17:53:00.354] [DEBUG] cheese - null
[2019-11-30T17:53:00.354] [DEBUG] cheese - null
[2019-11-30T17:53:14.069] [DEBUG] cheese - login => username:admin,password:123456
[2019-11-30T17:53:14.069] [DEBUG] cheese - admin
[2019-11-30T17:53:14.072] [DEBUG] cheese - null
[2019-11-30T17:53:14.072] [DEBUG] cheese - null
[2019-11-30T18:01:45.618] [DEBUG] cheese - login => username:admin,password:123456
[2019-11-30T18:01:45.618] [DEBUG] cheese - admin
[2019-11-30T18:01:45.622] [DEBUG] cheese - null
[2019-11-30T18:01:45.623] [DEBUG] cheese - null
[2019-11-30T18:01:50.075] [DEBUG] cheese - login => username:admin,password:123456
[2019-11-30T18:01:50.075] [DEBUG] cheese - admin
[2019-11-30T18:01:50.080] [DEBUG] cheese - null
[2019-11-30T18:01:50.080] [DEBUG] cheese - null
[2019-11-30T18:04:11.200] [DEBUG] cheese - login => username:admin,password:123456
[2019-11-30T18:04:11.200] [DEBUG] cheese - admin
[2019-11-30T18:04:11.204] [DEBUG] cheese - null
[2019-11-30T18:04:11.204] [DEBUG] cheese - null
[2019-11-30T18:59:26.734] [DEBUG] cheese - login => username:admin,password:123456
[2019-11-30T18:59:26.735] [DEBUG] cheese - admin
[2019-11-30T18:59:26.742] [DEBUG] cheese - null
[2019-11-30T18:59:26.742] [DEBUG] cheese - null
[2019-11-30T19:17:16.371] [DEBUG] cheese - login => username:admin,password:123456
[2019-11-30T19:17:16.371] [DEBUG] cheese - admin
[2019-11-30T19:17:16.374] [DEBUG] cheese - null
[2019-11-30T19:17:16.374] [DEBUG] cheese - null
[2019-12-01T08:56:08.478] [DEBUG] cheese - login => username:admin,password:123456
[2019-12-01T08:56:08.481] [DEBUG] cheese - admin
[2019-12-01T08:56:08.611] [DEBUG] cheese - null
[2019-12-01T08:56:08.612] [DEBUG] cheese - null
[2019-12-01T08:57:09.434] [DEBUG] cheese - login => username:admin,password:123456
[2019-12-01T08:57:09.434] [DEBUG] cheese - admin
[2019-12-01T08:57:09.437] [DEBUG] cheese - null
[2019-12-01T08:57:09.437] [DEBUG] cheese - null
[2019-12-01T09:51:29.412] [DEBUG] cheese - null
[2019-12-01T09:51:34.807] [DEBUG] cheese - null
[2019-12-01T09:51:43.883] [DEBUG] cheese - null
[2019-12-01T09:54:32.572] [DEBUG] cheese - null
[2019-12-01T09:54:45.154] [DEBUG] cheese - null
[2019-12-01T09:54:49.418] [DEBUG] cheese - null
[2019-12-01T09:54:57.413] [DEBUG] cheese - null
[2019-12-01T09:55:02.994] [DEBUG] cheese - null
[2019-12-01T09:57:34.303] [DEBUG] cheese - null
[2019-12-01T09:59:53.972] [DEBUG] cheese - null
[2019-12-01T09:59:56.958] [DEBUG] cheese - null
[2019-12-01T10:00:01.506] [DEBUG] cheese - null
[2019-12-01T10:00:05.666] [DEBUG] cheese - null
[2019-12-01T10:46:00.643] [DEBUG] cheese - login => username:admin,password:123456
[2019-12-01T10:46:00.644] [DEBUG] cheese - admin
[2019-12-01T10:46:00.647] [DEBUG] cheese - null
[2019-12-01T10:46:00.647] [DEBUG] cheese - null
[2019-12-01T11:22:20.976] [DEBUG] cheese - null
[2019-12-01T11:44:35.308] [DEBUG] cheese - null
[2019-12-01T11:44:45.552] [DEBUG] cheese - null
[2019-12-01T11:48:48.819] [DEBUG] cheese - login => username:admin,password:123456
[2019-12-01T11:48:48.819] [DEBUG] cheese - admin
[2019-12-01T11:48:48.822] [DEBUG] cheese - null
[2019-12-01T11:48:48.822] [DEBUG] cheese - null
[2019-12-01T11:49:53.722] [DEBUG] cheese - login => username:admin,password:123456
[2019-12-01T11:49:53.722] [DEBUG] cheese - admin
[2019-12-01T11:49:53.725] [DEBUG] cheese - null
[2019-12-01T11:49:53.725] [DEBUG] cheese - null
[2019-12-01T14:30:08.288] [DEBUG] cheese - login => username:admin,password:123456
[2019-12-01T14:30:08.295] [DEBUG] cheese - admin
[2019-12-01T14:30:08.300] [DEBUG] cheese - null
[2019-12-01T14:30:08.301] [DEBUG] cheese - null
[2019-12-01T14:30:11.105] [DEBUG] cheese - login => username:admin,password:123456
[2019-12-01T14:30:11.105] [DEBUG] cheese - admin
[2019-12-01T14:30:11.109] [DEBUG] cheese - null
[2019-12-01T14:30:11.109] [DEBUG] cheese - null
[2019-12-01T14:51:40.318] [DEBUG] cheese - null
[2019-12-01T14:58:23.616] [DEBUG] cheese - login => username:admin,password:123456
[2019-12-01T14:58:23.616] [DEBUG] cheese - admin
[2019-12-01T14:58:23.622] [DEBUG] cheese - null
[2019-12-01T14:58:23.622] [DEBUG] cheese - null
[2019-12-01T14:59:15.780] [DEBUG] cheese - login => username:admin,password:123456
[2019-12-01T14:59:15.780] [DEBUG] cheese - admin
[2019-12-01T14:59:15.787] [DEBUG] cheese - null
[2019-12-01T14:59:15.787] [DEBUG] cheese - null
[2019-12-01T14:59:58.157] [DEBUG] cheese - login => username:admin,password:123456
[2019-12-01T14:59:58.157] [DEBUG] cheese - admin
[2019-12-01T14:59:58.159] [DEBUG] cheese - null
[2019-12-01T14:59:58.159] [DEBUG] cheese - null
[2019-12-01T15:01:44.509] [DEBUG] cheese - login => username:admin,password:123456
[2019-12-01T15:01:44.509] [DEBUG] cheese - admin
[2019-12-01T15:01:44.511] [DEBUG] cheese - null
[2019-12-01T15:01:44.512] [DEBUG] cheese - null
[2019-12-01T15:02:50.082] [DEBUG] cheese - login => username:admin,password:123456
[2019-12-01T15:02:50.082] [DEBUG] cheese - admin
[2019-12-01T15:02:50.088] [DEBUG] cheese - null
[2019-12-01T15:02:50.088] [DEBUG] cheese - null
[2019-12-01T15:03:30.705] [DEBUG] cheese - login => username:admin,password:123456
[2019-12-01T15:03:30.705] [DEBUG] cheese - admin
[2019-12-01T15:03:30.708] [DEBUG] cheese - null
[2019-12-01T15:03:30.708] [DEBUG] cheese - null
[2019-12-01T15:03:39.556] [DEBUG] cheese - login => username:admin,password:123456
[2019-12-01T15:03:39.556] [DEBUG] cheese - admin
[2019-12-01T15:03:39.560] [DEBUG] cheese - null
[2019-12-01T15:03:39.560] [DEBUG] cheese - null
[2019-12-01T15:04:07.257] [DEBUG] cheese - login => username:admin,password:123456
[2019-12-01T15:04:07.257] [DEBUG] cheese - admin
[2019-12-01T15:04:07.264] [DEBUG] cheese - null
[2019-12-01T15:04:07.264] [DEBUG] cheese - null
[2019-12-01T15:04:57.429] [DEBUG] cheese - login => username:admin,password:123456
[2019-12-01T15:04:57.429] [DEBUG] cheese - admin
[2019-12-01T15:04:57.432] [DEBUG] cheese - null
[2019-12-01T15:04:57.432] [DEBUG] cheese - null
[2019-12-01T15:05:22.678] [DEBUG] cheese - login => username:admin,password:123456
[2019-12-01T15:05:22.679] [DEBUG] cheese - admin
[2019-12-01T15:05:22.681] [DEBUG] cheese - null
[2019-12-01T15:05:22.681] [DEBUG] cheese - null
[2019-12-01T15:40:40.068] [DEBUG] cheese - login => username:admin,password:123456
[2019-12-01T15:40:40.069] [DEBUG] cheese - admin
[2019-12-01T15:40:40.074] [DEBUG] cheese - null
[2019-12-01T15:40:40.075] [DEBUG] cheese - null
[2019-12-01T16:05:06.803] [DEBUG] cheese - login => username:admin,password:123456
[2019-12-01T16:05:06.803] [DEBUG] cheese - admin
[2019-12-01T16:05:06.805] [DEBUG] cheese - null
[2019-12-01T16:05:06.806] [DEBUG] cheese - null
[2019-12-01T16:10:00.239] [DEBUG] cheese - login => username:admin,password:123456
[2019-12-01T16:10:00.239] [DEBUG] cheese - admin
[2019-12-01T16:10:00.277] [DEBUG] cheese - null
[2019-12-01T16:10:00.278] [DEBUG] cheese - null
[2019-12-01T16:13:46.899] [DEBUG] cheese - login => username:admin,password:123456
[2019-12-01T16:13:46.899] [DEBUG] cheese - admin
[2019-12-01T16:13:46.905] [DEBUG] cheese - null
[2019-12-01T16:13:46.906] [DEBUG] cheese - null
[2019-12-01T17:35:19.520] [DEBUG] cheese - login => username:admin,password:123456
[2019-12-01T17:35:19.520] [DEBUG] cheese - admin
[2019-12-01T17:35:19.525] [DEBUG] cheese - null
[2019-12-01T17:35:19.525] [DEBUG] cheese - null
[2019-12-01T19:23:13.187] [DEBUG] cheese - login => username:admin,password:123456
[2019-12-01T19:23:13.188] [DEBUG] cheese - admin
[2019-12-01T19:23:14.520] [DEBUG] cheese - login => username:admin,password:123456
[2019-12-01T19:23:14.520] [DEBUG] cheese - admin
[2019-12-01T19:23:14.865] [DEBUG] cheese - null
[2019-12-01T19:23:14.866] [DEBUG] cheese - null
[2019-12-01T19:23:14.975] [DEBUG] cheese - null
[2019-12-01T19:23:14.975] [DEBUG] cheese - null
[2019-12-01T19:33:18.120] [DEBUG] cheese - login => username:admin,password:123456
[2019-12-01T19:33:18.120] [DEBUG] cheese - admin
[2019-12-01T19:33:18.123] [DEBUG] cheese - null
[2019-12-01T19:33:18.123] [DEBUG] cheese - null
[2019-12-01T20:07:40.487] [DEBUG] cheese - login => username:admin,password:123456
[2019-12-01T20:07:40.487] [DEBUG] cheese - admin
[2019-12-01T20:07:40.491] [DEBUG] cheese - null
[2019-12-01T20:07:40.492] [DEBUG] cheese - null
[2019-12-01T20:07:46.091] [DEBUG] cheese - login => username:admin,password:123456
[2019-12-01T20:07:46.091] [DEBUG] cheese - admin
[2019-12-01T20:07:46.096] [DEBUG] cheese - null
[2019-12-01T20:07:46.096] [DEBUG] cheese - null
[2019-12-01T20:08:01.778] [DEBUG] cheese - login => username:admin,password:123456
[2019-12-01T20:08:01.778] [DEBUG] cheese - admin
[2019-12-01T20:08:01.780] [DEBUG] cheese - null
[2019-12-01T20:08:01.780] [DEBUG] cheese - null
[2019-12-01T20:10:18.862] [DEBUG] cheese - login => username:admin,password:123456
[2019-12-01T20:10:18.862] [DEBUG] cheese - admin
[2019-12-01T20:10:18.866] [DEBUG] cheese - null
[2019-12-01T20:10:18.866] [DEBUG] cheese - null
[2019-12-01T20:12:11.379] [DEBUG] cheese - login => username:admin,password:123456
[2019-12-01T20:12:11.379] [DEBUG] cheese - admin
[2019-12-01T20:12:11.382] [DEBUG] cheese - null
[2019-12-01T20:12:11.382] [DEBUG] cheese - null
[2019-12-01T20:17:41.056] [DEBUG] cheese - login => username:admin,password:123456
[2019-12-01T20:17:41.056] [DEBUG] cheese - admin
[2019-12-01T20:17:41.059] [DEBUG] cheese - null
[2019-12-01T20:17:41.059] [DEBUG] cheese - null
[2019-12-01T20:17:43.565] [DEBUG] cheese - login => username:admin,password:123456
[2019-12-01T20:17:43.565] [DEBUG] cheese - admin
[2019-12-01T20:17:43.569] [DEBUG] cheese - null
[2019-12-01T20:17:43.569] [DEBUG] cheese - null
[2019-12-01T20:17:45.916] [DEBUG] cheese - login => username:admin,password:123456
[2019-12-01T20:17:45.917] [DEBUG] cheese - admin
[2019-12-01T20:17:45.920] [DEBUG] cheese - null
[2019-12-01T20:17:45.921] [DEBUG] cheese - null
[2019-12-01T20:18:49.800] [DEBUG] cheese - login => username:admin,password:123456
[2019-12-01T20:18:49.800] [DEBUG] cheese - admin
[2019-12-01T20:18:49.803] [DEBUG] cheese - null
[2019-12-01T20:18:49.804] [DEBUG] cheese - null
[2019-12-01T20:19:35.583] [DEBUG] cheese - login => username:admin,password:123456
[2019-12-01T20:19:35.583] [DEBUG] cheese - admin
[2019-12-01T20:19:35.586] [DEBUG] cheese - null
[2019-12-01T20:19:35.587] [DEBUG] cheese - null
[2019-12-01T20:41:04.883] [DEBUG] cheese - login => username:admin,password:123456
[2019-12-01T20:41:04.883] [DEBUG] cheese - admin
[2019-12-01T20:41:04.888] [DEBUG] cheese - null
[2019-12-01T20:41:04.888] [DEBUG] cheese - null
[2019-12-01T20:41:36.759] [DEBUG] cheese - login => username:admin,password:123456
[2019-12-01T20:41:36.759] [DEBUG] cheese - admin
[2019-12-01T20:41:36.761] [DEBUG] cheese - null
[2019-12-01T20:41:36.761] [DEBUG] cheese - null
